0 info it worked if it ends with ok
1 verbose cli [ 'C:\\Program Files\\nodejs\\node.exe',
1 verbose cli   'C:\\Users\\opg\\AppData\\Roaming\\npm\\node_modules\\npm\\bin\\npm-cli.js',
1 verbose cli   'start' ]
2 info using npm@3.3.3
3 info using node@v4.1.0
4 verbose run-script [ 'prestart', 'start', 'poststart' ]
5 info lifecycle opgMyApp1@0.0.0~prestart: opgMyApp1@0.0.0
6 silly lifecycle opgMyApp1@0.0.0~prestart: no script for prestart, continuing
7 info lifecycle opgMyApp1@0.0.0~start: opgMyApp1@0.0.0
8 verbose lifecycle opgMyApp1@0.0.0~start: unsafe-perm in lifecycle true
9 verbose lifecycle opgMyApp1@0.0.0~start: PATH: C:\Users\opg\AppData\Roaming\npm\node_modules\npm\bin\node-gyp-bin;C:\Appl\opgMyApp1\node_modules\.bin;C:\ProgramData\Oracle\Java\javapath;C:\Oracle\product\12.1.0\client;C:\Oracle\product\12.1.0\client\bin;C:\Oracle\ora11_32;C:\WINDOWS\system32;C:\WINDOWS;C:\WINDOWS\System32\Wbem;C:\Program Files (x86)\Utils;C:\Program Files (x86)\Microsoft Application Virtualization Client;C:\Program Files (x86)\Microsoft Visual Studio 10.0\Common7\IDE;C:\Program Files (x86)\Microsoft Team Foundation Server 2012 Power Tools\;C:\Program Files (x86)\Microsoft Team Foundation Server 2012 Power Tools\Best Practices Analyzer\;C:\Program Files (x86)\Microsoft Visual Studio 10.0\Common7\IDE;C:\Program Files\Microsoft Network Monitor 3\;C:\Program Files\Microsoft\Web Platform Installer\;C:\Program Files (x86)\Microsoft ASP.NET\ASP.NET Web Pages\v1.0\;C:\Program Files (x86)\CA\Gen r8\Gen\;C:\Program Files (x86)\CA\Gen r8\;C:\Program Files (x86)\IBM\WebSphere MQ\bin64;C:\Program Files (x86)\IBM\WebSphere MQ\bin;C:\Program Files (x86)\IBM\WebSphere MQ\tools\c\samples\bin;C:\WINDOWS\System32\WindowsPowerShell\v1.0\;C:\Program Files (x86)\Java\jre1.7.0_72\bin\;C:\Program Files\Java\jre1.7.0_72\bin\;C:\WINDOWS\System32\WindowsPowerShell\v1.0\;C:\Program Files (x86)\Windows Kits\8.1\Windows Performance Toolkit\;C:\Program Files\Microsoft SQL Server\110\Tools\Binn\;C:\Program Files (x86)\Git\cmd;C:\Program Files (x86)\Microsoft SDKs\TypeScript\1.0\;C:\Program Files\Microsoft SQL Server\120\Tools\Binn\;C:\Program Files\nodejs\;c:\Appl\cs-devtools\bin;c:\Appl\cs-devtools\bin;c:\Appl\cs-devtools\jdk1.7.0_71\bin;c:\Appl\cs-devtools\apache-maven-2.2.1\bin;C:\Appl\TFS\DEVTOOLS\apache-ant-1.7.1\bin;c:\Appl\cs-devtools\nant-0.85\bin;c:\Appl\cs-devtools\nunit-2.5.10\bin;c:\Appl\cs-devtools\sysinternals;C:\WINDOWS\Microsoft.NET\Framework\v3.5;c:\Appl\cs-devtools\wasThinClient;c:\Appl\cs-devtools\bin;c:\Appl\cs-devtools\jdk1.7.0_71\bin;c:\Appl\cs-devtools\apache-maven-2.2.1\bin;c:\Appl\cs-devtools\nant-0.85\bin;c:\Appl\cs-devtools\nunit-2.5.10\bin;c:\Appl\cs-devtools\sysinternals;c:\Appl\cs-devtools\GitTfs;C:\Users\opg\AppData\Roaming\npm
10 verbose lifecycle opgMyApp1@0.0.0~start: CWD: C:\Appl\opgMyApp1
11 silly lifecycle opgMyApp1@0.0.0~start: Args: [ '/d /s /c', 'node ./bin/www' ]
12 silly lifecycle opgMyApp1@0.0.0~start: Returned: code: 1  signal: null
13 info lifecycle opgMyApp1@0.0.0~start: Failed to exec start script
14 verbose stack Error: opgMyApp1@0.0.0 start: `node ./bin/www`
14 verbose stack Exit status 1
14 verbose stack     at EventEmitter.<anonymous> (C:\Users\opg\AppData\Roaming\npm\node_modules\npm\lib\utils\lifecycle.js:233:16)
14 verbose stack     at emitTwo (events.js:87:13)
14 verbose stack     at EventEmitter.emit (events.js:172:7)
14 verbose stack     at ChildProcess.<anonymous> (C:\Users\opg\AppData\Roaming\npm\node_modules\npm\lib\utils\spawn.js:24:14)
14 verbose stack     at emitTwo (events.js:87:13)
14 verbose stack     at ChildProcess.emit (events.js:172:7)
14 verbose stack     at maybeClose (internal/child_process.js:817:16)
14 verbose stack     at Process.ChildProcess._handle.onexit (internal/child_process.js:211:5)
15 verbose pkgid opgMyApp1@0.0.0
16 verbose cwd C:\Appl\opgMyApp1
17 error Windows_NT 6.1.7601
18 error argv "C:\\Program Files\\nodejs\\node.exe" "C:\\Users\\opg\\AppData\\Roaming\\npm\\node_modules\\npm\\bin\\npm-cli.js" "start"
19 error node v4.1.0
20 error npm  v3.3.3
21 error code ELIFECYCLE
22 error opgMyApp1@0.0.0 start: `node ./bin/www`
22 error Exit status 1
23 error Failed at the opgMyApp1@0.0.0 start script 'node ./bin/www'.
23 error This is most likely a problem with the opgMyApp1 package,
23 error not with npm itself.
23 error Tell the author that this fails on your system:
23 error     node ./bin/www
23 error You can get their info via:
23 error     npm owner ls opgMyApp1
23 error There is likely additional logging output above.
24 verbose exit [ 1, true ]
